   USE_MOZ_API setting: True
   MOZ_ACCESS_ID present: mozscape-Gp8EfVlQOZ
   MOZ_SECRET_KEY present: r5eGovQ09YIFBpxKv2kUPq764yp6tZ3J
Access ID present: True
Secret Key present: True
API Endpoint: https://lsapi.seomoz.com/v2/url_metrics
   Requests used this month: 0/50
   Remaining: 50
   Counter expires in 12 days
Domain: codup.co
Payload: {'targets': ['https://codup.co']}
   Status Code: 401
   Response: {"error":"Missing or invalid authentication","data":{}}
Estimating domain age...
Querying WHOIS for domain: codup.co
WHOIS lookup failed: can't subtract offset-naive and offset-aware datetimes
Using default domain age: 730 days (2 years)
Domain age: 730 days (2.0 years)
Analyzing trust signals...
Trust signals: HTTPS=True, Privacy=False, Contact=True
Trust score: 60/100
Analyzing internal links...
Internal link strength: 100/100
Estimating topical relevance...
Topical relevance: 65/100
Domain age contribution: 10 points
Trust signals contribution: 24.0 points
Internal links contribution: 30.0 points
Total estimated authority score: 64/100
Estimated backlink profile: 320 domains, 1600 total links
   Data source: Estimated
Domain: folio3.com
Payload: {'targets': ['https://folio3.com/']}
   Status Code: 401
   Response: {"error":"Missing or invalid authentication","data":{}}
Estimating domain age...
Querying WHOIS for domain: folio3.com
WHOIS lookup failed: can't subtract offset-naive and offset-aware datetimes
Using default domain age: 730 days (2 years)
Domain age: 730 days (2.0 years)
Analyzing trust signals...
Trust signals: HTTPS=True, Privacy=False, Contact=False
Trust score: 40/100
Analyzing internal links...
Internal link strength: 84/100
Estimating topical relevance...
Topical relevance: 65/100
Domain age contribution: 10 points
Trust signals contribution: 16.0 points
Internal links contribution: 25.2 points
Total estimated authority score: 51/100
Estimated backlink profile: 255 domains, 1275 total links
   Data source: Estimated
